c:\users\andreea\documents\c\tsp\tsp\x64\debug\vc143.pdb
c:\users\andreea\documents\c\tsp\tsp\x64\debug\vc143.idb
c:\users\andreea\documents\c\tsp\tsp\x64\debug\tsp.obj
c:\users\andreea\documents\c\tsp\tsp\x64\debug\dfs.obj
c:\users\andreea\documents\c\tsp\tsp\x64\debug\unifromcost.obj
c:\users\andreea\documents\c\tsp\tsp\x64\debug\heuristic.obj
c:\users\andreea\documents\c\tsp\tsp\x64\debug\uniformcost.obj
c:\users\andreea\documents\c\tsp\x64\debug\tsp.exe
c:\users\andreea\documents\c\tsp\tsp\x64\debug\tsp.ilk
c:\users\andreea\documents\c\tsp\x64\debug\tsp.pdb
c:\users\andreea\documents\c\tsp\tsp\x64\debug\tsp.tlog\cl.command.1.tlog
c:\users\andreea\documents\c\tsp\tsp\x64\debug\tsp.tlog\cl.items.tlog
c:\users\andreea\documents\c\tsp\tsp\x64\debug\tsp.tlog\cl.read.1.tlog
c:\users\andreea\documents\c\tsp\tsp\x64\debug\tsp.tlog\cl.write.1.tlog
c:\users\andreea\documents\c\tsp\tsp\x64\debug\tsp.tlog\link.8428-cvtres.read.1.tlog
c:\users\andreea\documents\c\tsp\tsp\x64\debug\tsp.tlog\link.8428-cvtres.write.1.tlog
c:\users\andreea\documents\c\tsp\tsp\x64\debug\tsp.tlog\link.8428-rc.read.1.tlog
c:\users\andreea\documents\c\tsp\tsp\x64\debug\tsp.tlog\link.8428-rc.write.1.tlog
c:\users\andreea\documents\c\tsp\tsp\x64\debug\tsp.tlog\link.8428.read.1.tlog
c:\users\andreea\documents\c\tsp\tsp\x64\debug\tsp.tlog\link.8428.read.2.tlog
c:\users\andreea\documents\c\tsp\tsp\x64\debug\tsp.tlog\link.8428.write.1.tlog
c:\users\andreea\documents\c\tsp\tsp\x64\debug\tsp.tlog\link.command.1.tlog
c:\users\andreea\documents\c\tsp\tsp\x64\debug\tsp.tlog\link.read.1.tlog
c:\users\andreea\documents\c\tsp\tsp\x64\debug\tsp.tlog\link.write.1.tlog
